INFO  2016-01-08 10:50:46,600 (Saros.java:220) Starting Saros 14.10.31 running:
  Java Version: 1.8.0_66
  Java Vendor: Oracle Corporation
  Eclipse Runtime Version: 3.11.1.v20150903-1804
  Operating System: Mac OS X (10.11.2)
  Hardware Architecture: x86_64
INFO  2016-01-08 10:50:46,636 (SarosContext.java:153) creating Saros runtime context...
INFO  2016-01-08 10:50:47,047 (SarosContext.java:199) successfully created Saros runtime context
DEBUG 2016-01-08 10:50:47,076 (DataTransferManager.java:467) used transport order for the current XMPP connection: [XMPP-Socks5-Transport, XMPP-IBB-Transport]
INFO  2016-01-08 10:50:47,102 (PreferenceInitializer.java:50) initializing preference default values
DEBUG 2016-01-08 10:50:47,153 (SarosAnnotation.java:117) resetting annotation colors
DEBUG 2016-01-08 10:50:47,216 (Saros.java:264) autogenerated favorite color id is: 4
INFO  2016-01-08 10:50:47,220 (XMPPAccountStore.java:106) loaded 0 accounts
DEBUG 2016-01-08 10:50:51,629 (SharedDocumentProvider.java:77) SharedDocumentProvider created by Eclipse
DEBUG 2016-01-08 10:50:54,995 (WhiteboardManager.java:194) WhiteboardManager instantiated
DEBUG 2016-01-08 10:50:55,043 (DocumentRecord.java:93) Added Node: attr(145224665503993808) name=svg
DEBUG 2016-01-08 10:51:42,788 (CreateXMPPAccountWizard.java:135) Account creation succeeded: username=Ellumination, server=saros-con.imp.fu-berlin.de
DEBUG 2016-01-08 10:51:42,855 (XMPPAccountStore.java:232) saved 1 account(s)
DEBUG 2016-01-08 10:51:42,857 (XMPPAccountStore.java:232) saved 1 account(s)
DEBUG 2016-01-08 10:51:42,942 (XMPPConnectionService.java:439) started Socks5 proxy on port: 7777 [listening on all interfaces]
DEBUG 2016-01-08 10:51:42,944 (XMPPConnectionService.java:459) using autodetected addresses: [192.168.0.2, fe80:0:0:0:902f:68ff:feef:c230%awdl0, fe80:0:0:0:3e15:c2ff:fec5:9cb4%en0]
DEBUG 2016-01-08 10:51:42,948 (XMPPConnectionService.java:398)  new connection state == CONNECTING
DEBUG 2016-01-08 10:51:43,928 (XMPPConnectionService.java:398) ellumination@saros-con.imp.fu-berlin.de/Saros new connection state == CONNECTED
DEBUG 2016-01-08 10:51:43,928 (DataTransferManager.java:467) used transport order for the current XMPP connection: [XMPP-Socks5-Transport, XMPP-IBB-Transport]
DEBUG 2016-01-08 10:51:43,932 (SkypeManager.java:289) Refreshing Skype username cache...
INFO  2016-01-08 10:51:44,036 (SingleUserChatService.java:84) chat created between ellumination@saros-con.imp.fu-berlin.de/Saros <->saros-con.imp.fu-berlin.de, created local: false
WARN  2016-01-08 10:51:53,223 (StunServiceImpl.java:420) received no response from STUN server stunserver.org/69.172.201.208:3478 at local address /192.168.0.2:0
DEBUG 2016-01-08 10:52:26,438 (SubscriptionHandler.java:160) contact requests to subscribe to us: pierreleidbring@saros-con.imp.fu-berlin.de
DEBUG 2016-01-08 10:52:37,111 (SubscriptionHandler.java:152) contact subscribed to us: pierreleidbring@saros-con.imp.fu-berlin.de
DEBUG 2016-01-08 10:52:37,230 (DiscoveryManager.java:382) Inserted DiscoveryInfo into Cache for: pierreleidbring@saros-con.imp.fu-berlin.de/Saros
DEBUG 2016-01-08 10:53:12,115 (XMPPConnectionService.java:398) ellumination@saros-con.imp.fu-berlin.de/Saros new connection state == DISCONNECTING
WARN  2016-01-08 10:53:12,118 (SWTUtils.java:144) could not execute runnable de.fu_berlin.inf.dpp.ui.widgets.chat.ChatControl$5$4@6655d4ed, UI thread is not available
StackTrace:
	at de.fu_berlin.inf.dpp.ui.util.SWTUtils.runSafeSWTAsync(SWTUtils.java:145)
	at de.fu_berlin.inf.dpp.ui.widgets.chat.ChatControl$5.disconnected(ChatControl.java:301)
	at de.fu_berlin.inf.dpp.communication.chat.AbstractChat.notifyJIDDisconnected(AbstractChat.java:72)
	at de.fu_berlin.inf.dpp.communication.chat.single.SingleUserChat.setConnected(SingleUserChat.java:125)
	at de.fu_berlin.inf.dpp.communication.chat.single.SingleUserChatService$1.connectionStateChanged(SingleUserChatService.java:60)
	at de.fu_berlin.inf.dpp.net.xmpp.XMPPConnectionService.setConnectionState(XMPPConnectionService.java:405)
	at de.fu_berlin.inf.dpp.net.xmpp.XMPPConnectionService.disconnect(XMPPConnectionService.java:304)
	at de.fu_berlin.inf.dpp.communication.connection.ConnectionHandler.disconnectXMPPInternal(ConnectionHandler.java:225)
	at de.fu_berlin.inf.dpp.communication.connection.ConnectionHandler.disconnect(ConnectionHandler.java:211)
	at de.fu_berlin.inf.dpp.Saros$1.run(Saros.java:304)
	at de.fu_berlin.inf.dpp.util.ThreadUtils$1.run(ThreadUtils.java:38)
	at java.lang.Thread.run(Thread.java:745)
WARN  2016-01-08 10:53:12,123 (SWTUtils.java:144) could not execute runnable de.fu_berlin.inf.dpp.ui.widgets.chat.ChatControl$5$4@7cda3da, UI thread is not available
StackTrace:
	at de.fu_berlin.inf.dpp.ui.util.SWTUtils.runSafeSWTAsync(SWTUtils.java:145)
	at de.fu_berlin.inf.dpp.ui.widgets.chat.ChatControl$5.disconnected(ChatControl.java:301)
	at de.fu_berlin.inf.dpp.communication.chat.AbstractChat.notifyJIDDisconnected(AbstractChat.java:72)
	at de.fu_berlin.inf.dpp.communication.chat.single.SingleUserChat.setConnected(SingleUserChat.java:126)
	at de.fu_berlin.inf.dpp.communication.chat.single.SingleUserChatService$1.connectionStateChanged(SingleUserChatService.java:60)
	at de.fu_berlin.inf.dpp.net.xmpp.XMPPConnectionService.setConnectionState(XMPPConnectionService.java:405)
	at de.fu_berlin.inf.dpp.net.xmpp.XMPPConnectionService.disconnect(XMPPConnectionService.java:304)
	at de.fu_berlin.inf.dpp.communication.connection.ConnectionHandler.disconnectXMPPInternal(ConnectionHandler.java:225)
	at de.fu_berlin.inf.dpp.communication.connection.ConnectionHandler.disconnect(ConnectionHandler.java:211)
	at de.fu_berlin.inf.dpp.Saros$1.run(Saros.java:304)
	at de.fu_berlin.inf.dpp.util.ThreadUtils$1.run(ThreadUtils.java:38)
	at java.lang.Thread.run(Thread.java:745)
DEBUG 2016-01-08 10:53:12,275 (XMPPConnectionService.java:398)  new connection state == NOT_CONNECTED
DEBUG 2016-01-08 10:53:12,277 (UPnPServiceImpl.java:295) deleting existing port mappings
