INFO  2016-01-09 12:31:03,866 (Saros.java:220) Starting Saros 14.10.31 running:
  Java Version: 1.8.0_66
  Java Vendor: Oracle Corporation
  Eclipse Runtime Version: 3.11.1.v20150903-1804
  Operating System: Mac OS X (10.11.2)
  Hardware Architecture: x86_64
INFO  2016-01-09 12:31:04,020 (SarosContext.java:153) creating Saros runtime context...
DEBUG 2016-01-09 12:31:04,081 (XMPPAccountStore.java:117) loading accounts from file: /Users/Kristoffer/.saros/config.dat
DEBUG 2016-01-09 12:31:04,578 (XMPPAccountStore.java:176) loaded 1 account(s)
INFO  2016-01-09 12:31:04,963 (SarosContext.java:199) successfully created Saros runtime context
DEBUG 2016-01-09 12:31:05,218 (DataTransferManager.java:467) used transport order for the current XMPP connection: [XMPP-Socks5-Transport, XMPP-IBB-Transport]
INFO  2016-01-09 12:31:05,257 (PreferenceInitializer.java:50) initializing preference default values
DEBUG 2016-01-09 12:31:05,347 (SarosAnnotation.java:117) resetting annotation colors
DEBUG 2016-01-09 12:31:05,483 (Saros.java:430) skipping conversion of old XMPP accounts, because there are already new ones
DEBUG 2016-01-09 12:31:12,176 (SharedDocumentProvider.java:77) SharedDocumentProvider created by Eclipse
DEBUG 2016-01-09 12:31:17,088 (WhiteboardManager.java:194) WhiteboardManager instantiated
DEBUG 2016-01-09 12:31:17,140 (DocumentRecord.java:93) Added Node: attr(14523390771318293) name=svg
DEBUG 2016-01-09 12:31:17,173 (XMPPConnectionService.java:439) started Socks5 proxy on port: 7777 [listening on all interfaces]
DEBUG 2016-01-09 12:31:17,176 (XMPPConnectionService.java:459) using autodetected addresses: [192.168.0.2, fe80:0:0:0:902f:68ff:feef:c230%awdl0, fe80:0:0:0:3e15:c2ff:fec5:9cb4%en0]
DEBUG 2016-01-09 12:31:17,185 (XMPPConnectionService.java:398)  new connection state == CONNECTING
DEBUG 2016-01-09 12:31:18,055 (XMPPConnectionService.java:398) ellumination@saros-con.imp.fu-berlin.de/Saros new connection state == CONNECTED
DEBUG 2016-01-09 12:31:18,055 (DataTransferManager.java:467) used transport order for the current XMPP connection: [XMPP-Socks5-Transport, XMPP-IBB-Transport]
DEBUG 2016-01-09 12:31:18,058 (SkypeManager.java:289) Refreshing Skype username cache...
WARN  2016-01-09 12:31:27,654 (StunServiceImpl.java:420) received no response from STUN server stunserver.org/69.172.201.208:3478 at local address /192.168.0.2:0
DEBUG 2016-01-09 14:20:09,643 (XMPPConnectionService.java:398) ellumination@saros-con.imp.fu-berlin.de/Saros new connection state == DISCONNECTING
DEBUG 2016-01-09 14:20:09,802 (XMPPConnectionService.java:398)  new connection state == NOT_CONNECTED
DEBUG 2016-01-09 14:20:09,804 (UPnPServiceImpl.java:295) deleting existing port mappings
